<?xml version="1.0" encoding="utf-8"?><testsuites name="pytest tests"><testsuite name="pytest" errors="0" failures="0" skipped="0" tests="28" time="7.621" timestamp="2026-05-21T06:03:54.338657+00:00" hostname="agent-env-5973633c-d0a6-41a2-bb88-826b846686da"><testcase classname="backend.tests.test_consnow_api.TestAuth" name="test_signup_new_user" time="0.823" /><testcase classname="backend.tests.test_consnow_api.TestAuth" name="test_signup_duplicate_email" time="0.105" /><testcase classname="backend.tests.test_consnow_api.TestAuth" name="test_login_success" time="0.331" /><testcase classname="backend.tests.test_consnow_api.TestAuth" name="test_login_wrong_password" time="0.518" /><testcase classname="backend.tests.test_consnow_api.TestAuth" name="test_auth_me_with_token" time="0.380" /><testcase classname="backend.tests.test_consnow_api.TestAuth" name="test_auth_me_no_token" time="0.098" /><testcase classname="backend.tests.test_consnow_api.TestUserSearch" name="test_search_excludes_self" time="0.388" /><testcase classname="backend.tests.test_consnow_api.TestUserSearch" name="test_search_bob" time="0.386" /><testcase classname="backend.tests.test_consnow_api.TestUserSearch" name="test_search_short_query" time="0.385" /><testcase classname="backend.tests.test_consnow_api.TestFriendshipFlow" name="test_01_send_request" time="0.690" /><testcase classname="backend.tests.test_consnow_api.TestFriendshipFlow" name="test_02_duplicate_request_rejected" time="0.079" /><testcase classname="backend.tests.test_consnow_api.TestFriendshipFlow" name="test_03_pending_appears_in_list" time="0.152" /><testcase classname="backend.tests.test_consnow_api.TestFriendshipFlow" name="test_04_accept_request" time="0.081" /><testcase classname="backend.tests.test_consnow_api.TestFriendshipFlow" name="test_05_friends_list_after_accept" time="0.073" /><testcase classname="backend.tests.test_consnow_api.TestFriendshipFlow" name="test_06_valid_scope_values[10m]" time="0.051" /><testcase classname="backend.tests.test_consnow_api.TestFriendshipFlow" name="test_06_valid_scope_values[1h]" time="0.082" /><testcase classname="backend.tests.test_consnow_api.TestFriendshipFlow" name="test_06_valid_scope_values[6h]" time="0.072" /><testcase classname="backend.tests.test_consnow_api.TestFriendshipFlow" name="test_06_valid_scope_values[12h]" time="0.072" /><testcase classname="backend.tests.test_consnow_api.TestFriendshipFlow" name="test_06_valid_scope_values[24h]" time="0.072" /><testcase classname="backend.tests.test_consnow_api.TestFriendshipFlow" name="test_06_valid_scope_values[off]" time="0.074" /><testcase classname="backend.tests.test_consnow_api.TestFriendshipFlow" name="test_07_invalid_scope" time="0.073" /><testcase classname="backend.tests.test_consnow_api.TestLocation" name="test_ping_mumbai" time="0.573" /><testcase classname="backend.tests.test_consnow_api.TestLocation" name="test_timeline_self" time="0.240" /><testcase classname="backend.tests.test_consnow_api.TestLocation" name="test_latest_self" time="0.080" /><testcase classname="backend.tests.test_consnow_api.TestLocation" name="test_recent_self" time="0.037" /><testcase classname="backend.tests.test_consnow_api.TestScopeFilter" name="test_friend_can_see_with_default_10m_scope" time="1.107" /><testcase classname="backend.tests.test_consnow_api.TestScopeFilter" name="test_scope_off_hides_everything" time="0.183" /><testcase classname="backend.tests.test_consnow_api.TestScopeFilter" name="test_non_friend_forbidden" time="0.359" /></testsuite></testsuites>